{
  "RSpec": {
    "coverage": {
      "/Users/jeremiahmichlitsch/Turing/Mod_4/Projects/Take_Home/tea_service/config/environment.rb": {
        "lines": [
          null,
          1,
          null,
          null,
          1
        ]
      },
      "/Users/jeremiahmichlitsch/Turing/Mod_4/Projects/Take_Home/tea_service/config/application.rb": {
        "lines": [
          1,
          null,
          1,
          null,
          1,
          1,
          1,
          1,
          1,
          1,
          1,
          1,
          1,
          1,
          null,
          null,
          null,
          null,
          null,
          1,
          null,
          1,
          1,
          null,
          1,
          null,
          null,
          null,
          null,
          null,
          null,
          null,
          null,
          null,
          null,
          null,
          null,
          1,
          null,
          null
        ]
      },
      "/Users/jeremiahmichlitsch/Turing/Mod_4/Projects/Take_Home/tea_service/config/boot.rb": {
        "lines": [
          1,
          null,
          1,
          1
        ]
      },
      "/Users/jeremiahmichlitsch/Turing/Mod_4/Projects/Take_Home/tea_service/config/environments/test.rb": {
        "lines": [
          1,
          null,
          null,
          null,
          null,
          null,
          null,
          1,
          null,
          null,
          1,
          null,
          null,
          null,
          null,
          1,
          null,
          null,
          1,
          1,
          null,
          null,
          null,
          null,
          1,
          1,
          1,
          null,
          null,
          1,
          null,
          null,
          1,
          null,
          null,
          1,
          null,
          1,
          null,
          null,
          null,
          null,
          1,
          null,
          null,
          1,
          null,
          null,
          1,
          null,
          null,
          1,
          null,
          null,
          null,
          null,
          null,
          null,
          null
        ]
      },
      "/Users/jeremiahmichlitsch/Turing/Mod_4/Projects/Take_Home/tea_service/config/initializers/application_controller_renderer.rb": {
        "lines": [
          null,
          null,
          null,
          null,
          null,
          null,
          null,
          null
        ]
      },
      "/Users/jeremiahmichlitsch/Turing/Mod_4/Projects/Take_Home/tea_service/config/initializers/backtrace_silencers.rb": {
        "lines": [
          null,
          null,
          null,
          null,
          null,
          null,
          null,
          1
        ]
      },
      "/Users/jeremiahmichlitsch/Turing/Mod_4/Projects/Take_Home/tea_service/config/initializers/cors.rb": {
        "lines": [
          null,
          null,
          null,
          null,
          null,
          null,
          null,
          null,
          null,
          null,
          null,
          null,
          null,
          null,
          null,
          null
        ]
      },
      "/Users/jeremiahmichlitsch/Turing/Mod_4/Projects/Take_Home/tea_service/config/initializers/filter_parameter_logging.rb": {
        "lines": [
          null,
          null,
          null,
          1,
          null,
          null
        ]
      },
      "/Users/jeremiahmichlitsch/Turing/Mod_4/Projects/Take_Home/tea_service/config/initializers/inflections.rb": {
        "lines": [
          null,
          null,
          null,
          null,
          null,
          null,
          null,
          null,
          null,
          null,
          null,
          null,
          null,
          null,
          null,
          null
        ]
      },
      "/Users/jeremiahmichlitsch/Turing/Mod_4/Projects/Take_Home/tea_service/config/initializers/mime_types.rb": {
        "lines": [
          null,
          null,
          null,
          null
        ]
      },
      "/Users/jeremiahmichlitsch/Turing/Mod_4/Projects/Take_Home/tea_service/config/initializers/wrap_parameters.rb": {
        "lines": [
          null,
          null,
          null,
          null,
          null,
          null,
          1,
          2,
          null,
          null,
          null,
          null,
          null,
          null
        ]
      },
      "/Users/jeremiahmichlitsch/Turing/Mod_4/Projects/Take_Home/tea_service/spec/factories/customer_subsciptions.rb": {
        "lines": [
          1,
          1,
          1,
          1,
          null,
          null
        ]
      },
      "/Users/jeremiahmichlitsch/Turing/Mod_4/Projects/Take_Home/tea_service/spec/factories/customers.rb": {
        "lines": [
          1,
          1,
          51,
          51,
          51,
          51,
          null,
          null
        ]
      },
      "/Users/jeremiahmichlitsch/Turing/Mod_4/Projects/Take_Home/tea_service/spec/factories/subscription_teas.rb": {
        "lines": [
          1,
          1,
          1,
          1,
          null,
          null
        ]
      },
      "/Users/jeremiahmichlitsch/Turing/Mod_4/Projects/Take_Home/tea_service/spec/factories/subscriptions.rb": {
        "lines": [
          1,
          1,
          51,
          51,
          51,
          51,
          null,
          null
        ]
      },
      "/Users/jeremiahmichlitsch/Turing/Mod_4/Projects/Take_Home/tea_service/spec/factories/teas.rb": {
        "lines": [
          1,
          1,
          51,
          51,
          51,
          51,
          null,
          null
        ]
      },
      "/Users/jeremiahmichlitsch/Turing/Mod_4/Projects/Take_Home/tea_service/config/routes.rb": {
        "lines": [
          1,
          1,
          1,
          1,
          1,
          1,
          1,
          1,
          null,
          null,
          null
        ]
      },
      "/Users/jeremiahmichlitsch/Turing/Mod_4/Projects/Take_Home/tea_service/app/models/customer.rb": {
        "lines": [
          1,
          1,
          null,
          null,
          null,
          null,
          1,
          1,
          null,
          1,
          null,
          1,
          1,
          null,
          null
        ]
      },
      "/Users/jeremiahmichlitsch/Turing/Mod_4/Projects/Take_Home/tea_service/app/models/application_record.rb": {
        "lines": [
          1,
          1,
          null
        ]
      },
      "/Users/jeremiahmichlitsch/Turing/Mod_4/Projects/Take_Home/tea_service/spec/models/subscription_spec.rb": {
        "lines": [
          1,
          null,
          1,
          1,
          2,
          2,
          2,
          2,
          null,
          1,
          2,
          2,
          2,
          2,
          null,
          null
        ]
      },
      "/Users/jeremiahmichlitsch/Turing/Mod_4/Projects/Take_Home/tea_service/app/models/subscription.rb": {
        "lines": [
          1,
          1,
          null,
          null,
          null,
          null,
          1,
          1,
          null,
          1,
          1,
          null,
          1,
          null
        ]
      },
      "/Users/jeremiahmichlitsch/Turing/Mod_4/Projects/Take_Home/tea_service/spec/models/tea_spec.rb": {
        "lines": [
          1,
          null,
          1,
          1,
          2,
          2,
          2,
          2,
          null,
          1,
          2,
          2,
          null,
          null
        ]
      },
      "/Users/jeremiahmichlitsch/Turing/Mod_4/Projects/Take_Home/tea_service/app/models/tea.rb": {
        "lines": [
          1,
          1,
          null,
          null,
          null,
          null,
          1,
          1,
          null,
          1,
          null,
          null
        ]
      },
      "/Users/jeremiahmichlitsch/Turing/Mod_4/Projects/Take_Home/tea_service/spec/requests/customer_sub_create_spec.rb": {
        "lines": [
          1,
          null,
          1,
          1,
          1,
          1,
          1,
          1,
          1,
          null,
          1,
          1,
          1,
          1,
          1,
          null,
          1,
          1,
          1,
          1,
          1,
          null,
          null,
          null
        ]
      },
      "/Users/jeremiahmichlitsch/Turing/Mod_4/Projects/Take_Home/tea_service/spec/requests/customer_sub_index_spec.rb": {
        "lines": [
          1,
          null,
          1,
          1,
          1,
          1,
          1,
          1,
          1,
          1,
          1,
          1,
          1,
          1,
          1,
          null,
          null,
          1,
          1,
          1,
          1,
          1,
          null,
          1,
          1,
          1,
          1,
          1,
          null,
          null,
          null
        ]
      },
      "/Users/jeremiahmichlitsch/Turing/Mod_4/Projects/Take_Home/tea_service/spec/requests/customer_sub_update_spec.rb": {
        "lines": [
          1,
          null,
          1,
          1,
          1,
          1,
          1,
          1,
          1,
          1,
          1,
          1,
          1,
          1,
          null,
          1,
          1,
          1,
          null,
          1,
          1,
          1,
          null,
          1,
          1,
          1,
          1,
          1,
          1,
          1,
          1,
          1,
          null,
          null,
          null,
          null,
          null,
          null,
          null,
          null,
          null,
          null,
          null,
          null,
          null,
          null,
          null,
          null,
          null,
          null,
          null,
          null,
          null,
          null,
          null,
          null,
          null,
          null,
          null,
          null,
          null,
          null,
          null,
          null,
          null,
          null,
          1,
          1,
          null,
          null
        ]
      },
      "/Users/jeremiahmichlitsch/Turing/Mod_4/Projects/Take_Home/tea_service/spec/requests/subscription_index_spec.rb": {
        "lines": [
          1,
          null,
          1,
          1,
          1,
          1,
          1,
          1,
          1,
          1,
          1,
          1,
          null,
          1,
          1,
          1,
          1,
          1,
          null,
          1,
          1,
          1,
          1,
          1,
          null,
          null,
          null
        ]
      },
      "/Users/jeremiahmichlitsch/Turing/Mod_4/Projects/Take_Home/tea_service/spec/requests/subscription_show_spec.rb": {
        "lines": [
          1,
          null,
          1,
          1,
          1,
          1,
          1,
          1,
          1,
          null,
          1,
          1,
          1,
          1,
          1,
          null,
          1,
          1,
          1,
          1,
          1,
          null,
          null,
          null
        ]
      },
      "/Users/jeremiahmichlitsch/Turing/Mod_4/Projects/Take_Home/tea_service/app/models/customer_subscription.rb": {
        "lines": [
          1,
          1,
          1,
          null
        ]
      },
      "/Users/jeremiahmichlitsch/Turing/Mod_4/Projects/Take_Home/tea_service/app/models/subscription_tea.rb": {
        "lines": [
          1,
          1,
          1,
          null
        ]
      },
      "/Users/jeremiahmichlitsch/Turing/Mod_4/Projects/Take_Home/tea_service/app/controllers/api/v1/customer_subscriptions_controller.rb": {
        "lines": [
          1,
          1,
          1,
          1,
          1,
          1,
          null,
          0,
          null,
          null,
          null,
          null,
          1,
          1,
          1,
          1,
          null,
          0,
          null,
          null,
          null,
          1,
          1,
          1,
          null,
          1,
          1,
          null,
          0,
          null,
          null,
          null,
          null,
          1,
          null,
          1,
          5,
          null,
          null,
          1,
          1,
          null,
          null
        ]
      },
      "/Users/jeremiahmichlitsch/Turing/Mod_4/Projects/Take_Home/tea_service/app/controllers/application_controller.rb": {
        "lines": [
          1,
          1,
          1,
          null,
          1,
          0,
          null,
          null,
          1,
          0,
          null,
          null
        ]
      },
      "/Users/jeremiahmichlitsch/Turing/Mod_4/Projects/Take_Home/tea_service/app/serializers/customer_subscription_serializer.rb": {
        "lines": [
          1,
          1,
          1,
          null
        ]
      },
      "/Users/jeremiahmichlitsch/Turing/Mod_4/Projects/Take_Home/tea_service/app/serializers/subscriptions_serializer.rb": {
        "lines": [
          1,
          1,
          1,
          null
        ]
      },
      "/Users/jeremiahmichlitsch/Turing/Mod_4/Projects/Take_Home/tea_service/app/controllers/api/v1/subscriptions_controller.rb": {
        "lines": [
          1,
          1,
          1,
          null,
          1,
          1,
          null,
          0,
          null,
          null,
          null,
          1,
          1,
          null,
          1,
          1,
          null,
          0,
          null,
          null,
          null,
          1,
          null,
          1,
          1,
          null,
          null
        ]
      }
    },
    "timestamp": 1623079371
  }
}
